<?xml version="1.0" encoding="UTF-8"?>
<!-- Generated by org.testng.reporters.JUnitReportReporter -->
<testsuite hostname="DESKTOP-6N2FK7G" name="Academy.FlightBooking" tests="3" failures="0" timestamp="29 Jun 2020 04:17:27 GMT" time="42.128" errors="0">
  <testcase name="FlightPageInformation" time="4.608" classname="Academy.FlightBooking"/>
  <testcase name="passenger" time="14.140" classname="Academy.FlightBooking"/>
  <testcase name="Journey" time="23.380" classname="Academy.FlightBooking"/>
</testsuite> <!-- Academy.FlightBooking -->
