<?xml version="1.0" encoding="UTF-8"?>
<!-- Generated by org.testng.reporters.JUnitReportReporter -->
<testsuite hostname="DESKTOP-6N2FK7G" name="Academy.validateNavigationBar" tests="3" failures="0" timestamp="29 Jun 2020 04:17:27 GMT" time="15.184" errors="0">
  <testcase name="Titlepage" time="3.022" classname="Academy.validateNavigationBar"/>
  <testcase name="PageNavigation" time="0.092" classname="Academy.validateNavigationBar"/>
  <testcase name="windowhandle" time="12.070" classname="Academy.validateNavigationBar"/>
</testsuite> <!-- Academy.validateNavigationBar -->
